e:\assembly\programs [assembly language]\project32\debug\project.ilk
e:\assembly\programs [assembly language]\project32\debug\project.exe
e:\assembly\programs [assembly language]\project32\debug\project.pdb
e:\assembly\programs [assembly language]\worksheet #8\debug\project.ilk
e:\assembly\programs [assembly language]\worksheet #8\debug\project.exe
e:\assembly\programs [assembly language]\worksheet #8\debug\project.pdb
瑞浥汰瑡⹥獡൭䔊尺獁敳扭祬停潲牧浡⁳䅛獳浥汢⁹慌杮慵敧屝牐橯捥㍴尲敄畢屧整灭慬整漮橢਍瑞浥汰瑡⹥獡൭䔊尺獁敳扭祬停潲牧浡⁳䅛獳浥汢⁹慌杮慵敧屝牐橯捥㍴尲敄畢屧整灭慬整漮橢਍瑞浥汰瑡⹥獡൭䔊尺獁敳扭祬停潲牧浡⁳䅛獳浥汢⁹慌杮慵敧屝牐橯捥㍴尲敄畢屧整灭慬整漮橢਍瑞浥汰瑡⹥獡൭䔊尺獁敳扭祬停潲牧浡⁳䅛獳浥汢⁹慌杮慵敧屝牐橯捥㍴尲敄畢屧整灭慬整漮橢਍瑞浥汰瑡⹥獡൭䔊尺獁敳扭祬停潲牧浡⁳䅛獳浥汢⁹慌杮慵敧屝牐橯捥㍴尲敄畢屧整灭慬整漮橢਍瑞浥汰瑡⹥獡൭䔊尺獁敳扭祬停潲牧浡⁳䅛獳浥汢⁹慌杮慵敧屝牐橯捥㍴尲敄畢屧整灭慬整漮橢਍瑞浥汰瑡⹥獡൭䔊尺獁敳扭祬停潲牧浡⁳䅛獳浥汢⁹慌杮慵敧屝牐橯捥㍴尲敄畢屧整灭慬整漮橢਍瑞浥汰瑡⹥獡൭䔊尺獁敳扭祬停潲牧浡⁳䅛獳浥汢⁹慌杮慵敧屝牐橯捥㍴尲敄畢屧整灭慬整漮橢਍瑞浥汰瑡⹥獡൭䔊尺獁敳扭祬停潲牧浡⁳䅛獳浥汢⁹慌杮慵敧屝牐橯捥㍴尲敄畢屧整灭慬整漮橢਍瑞浥汰瑡⹥獡൭䔊尺獁敳扭祬停潲牧浡⁳䅛獳浥汢⁹慌杮慵敧屝牐橯捥㍴尲敄畢屧整灭慬整漮橢਍坞牯獫敨瑥ⴸ⸱獡൭䔊尺獁敳扭祬停潲牧浡⁳䅛獳浥汢⁹慌杮慵敧屝潗歲桳敥⁴㠣䑜扥杵坜牯獫敨瑥ⴸ⸱扯൪帊潗歲桳敥㡴㈭愮浳਍㩅䅜獳浥汢屹牐杯慲獭嬠獁敳扭祬䰠湡畧条嵥坜牯獫敨瑥⌠尸敄畢屧潗歲桳敥㡴㈭漮橢਍坞牯獫敨瑥ⴸ⸲獡൭䔊尺獁敳扭祬停潲牧浡⁳䅛獳浥汢⁹慌杮慵敧屝潗歲桳敥⁴㠣䑜扥杵坜牯獫敨瑥ⴸ⸲扯൪帊潗歲桳敥㡴㈭愮浳਍㩅䅜獳浥汢屹牐杯慲獭嬠獁敳扭祬䰠湡畧条嵥坜牯獫敨瑥⌠尸敄畢屧潗歲桳敥㡴㈭漮橢਍坞牯獫敨瑥ⴸ⸲獡൭䔊尺獁敳扭祬停潲牧浡⁳䅛獳浥汢⁹慌杮慵敧屝潗歲桳敥⁴㠣䑜扥杵坜牯獫敨瑥ⴸ⸲扯൪帊潗歲桳敥㡴㈭愮浳਍㩅䅜獳浥汢屹牐杯慲獭嬠獁敳扭祬䰠湡畧条嵥坜牯獫敨瑥⌠尸敄畢屧潗歲桳敥㡴㈭漮橢਍坞牯獫敨瑥ⴸ⸲獡൭䔊尺獁敳扭祬停潲牧浡⁳䅛獳浥汢⁹慌杮慵敧屝潗歲桳敥⁴㠣䑜扥杵坜牯獫敨瑥ⴸ⸲扯൪帊潗歲桳敥㡴㈭愮浳਍㩅䅜獳浥汢屹牐杯慲獭嬠獁敳扭祬䰠湡畧条嵥坜牯獫敨瑥⌠尸敄畢屧潗歲桳敥㡴㈭漮橢਍坞牯獫敨瑥ⴸ⸲獡൭䔊尺獁敳扭祬停潲牧浡⁳䅛獳浥汢⁹慌杮慵敧屝潗歲桳敥⁴㠣䑜扥杵坜牯獫敨瑥ⴸ⸲扯൪帊潗歲桳敥㡴㈭愮浳਍㩅䅜獳浥汢屹牐杯慲獭嬠獁敳扭祬䰠湡畧条嵥坜牯獫敨瑥⌠尸敄畢屧潗歲桳敥㡴㈭漮橢਍坞牯獫敨瑥ⴸ⸲獡൭䔊尺獁敳扭祬停潲牧浡⁳䅛獳浥汢⁹慌杮慵敧屝潗歲桳敥⁴㠣䑜扥杵坜牯獫敨瑥ⴸ⸲扯൪帊潗歲桳敥㡴㈭愮浳਍㩅䅜獳浥汢屹牐杯慲獭嬠獁敳扭祬䰠湡畧条嵥坜牯獫敨瑥⌠尸敄畢屧潗歲桳敥㡴㈭漮橢਍坞牯獫敨瑥ⴸ弲畓捣獥⹳獡൭䔊尺獁敳扭祬停潲牧浡⁳䅛獳浥汢⁹慌杮慵敧屝潗歲桳敥⁴㠣䑜扥杵坜牯獫敨瑥ⴸ弲畓捣獥⹳扯൪帊潗歲桳敥㡴㈭卟捵散獳愮浳਍㩅䅜獳浥汢屹牐杯慲獭嬠獁敳扭祬䰠湡畧条嵥坜牯獫敨瑥⌠尸敄畢屧潗歲桳敥㡴㈭卟捵散獳漮橢਍
e:\assembly\programs [assembly language]\worksheet #8\debug\worksheet8-1.obj
e:\assembly\programs [assembly language]\worksheet #8\debug\worksheet8-3.obj
e:\assembly\programs [assembly language]\worksheet #8\debug\worksheet8-2.obj
e:\assembly\programs [assembly language]\worksheet #8\debug\worksheet8-2_success.obj
e:\assembly\programs [assembly language]\worksheet #8\debug\link.6544.read.1.tlog
e:\assembly\programs [assembly language]\worksheet #8\debug\link.6544-rc.read.1.tlog
e:\assembly\programs [assembly language]\worksheet #8\debug\link.6544-cvtres.read.1.tlog
e:\assembly\programs [assembly language]\worksheet #8\debug\link-cvtres.read.1.tlog
e:\assembly\programs [assembly language]\worksheet #8\debug\link.6544-rc.write.1.tlog
e:\assembly\programs [assembly language]\worksheet #8\debug\link.6544-cvtres.write.1.tlog
e:\assembly\programs [assembly language]\worksheet #8\debug\link-rc.read.1.tlog
e:\assembly\programs [assembly language]\worksheet #8\debug\link-cvtres.write.1.tlog
e:\assembly\programs [assembly language]\worksheet #8\debug\link.command.1.tlog
e:\assembly\programs [assembly language]\worksheet #8\debug\link.6544.write.1.tlog
e:\assembly\programs [assembly language]\worksheet #8\debug\link-rc.write.1.tlog
e:\assembly\programs [assembly language]\worksheet #8\debug\link.write.1.tlog
e:\assembly\programs [assembly language]\worksheet #8\debug\project.write.1.tlog
e:\assembly\programs [assembly language]\worksheet #8\debug\link.read.1.tlog
e:\assembly\programs [assembly language]\worksheet #8\debug\link.7556-rc.read.1.tlog
e:\assembly\programs [assembly language]\worksheet #8\debug\link.7556-rc.write.1.tlog
e:\assembly\programs [assembly language]\worksheet #8\debug\link.7556-cvtres.read.1.tlog
e:\assembly\programs [assembly language]\worksheet #8\debug\link.7556-cvtres.write.1.tlog
e:\assembly\programs [assembly language]\worksheet #8\debug\link.7556.read.1.tlog
e:\assembly\programs [assembly language]\worksheet #8\debug\link.7556.write.1.tlog
e:\assembly\programs [assembly language]\worksheet #8\debug\project.tlog\link.command.1.tlog
e:\assembly\programs [assembly language]\worksheet #8\debug\project.tlog\link.read.1.tlog
e:\assembly\programs [assembly language]\worksheet #8\debug\project.tlog\link.write.1.tlog
e:\assembly\programs [assembly language]\worksheet #8\debug\project.tlog\project.write.1u.tlog
